# JRE version: Java(TM) SE Runtime Environment (8.0_381) (build 1.8.0_381-b09)
# Java VM: Java HotSpot(TM) 64-Bit Server VM (25.381-b09 mixed mode bsd-aarch64 compressed oops)
Heap:
 PSYoungGen      total 76288K, used 3932K [0x00000007aab00000, 0x00000007b0000000, 0x00000007c0000000)
  eden space 65536K, 6% used [0x00000007aab00000,0x00000007aaed7118,0x00000007aeb00000)
  from space 10752K, 0% used [0x00000007aeb00000,0x00000007aeb00000,0x00000007af580000)
  to   space 10752K, 0% used [0x00000007af580000,0x00000007af580000,0x00000007b0000000)
 ParOldGen       total 175104K, used 1012K [0x0000000780000000, 0x000000078ab00000, 0x00000007aab00000)
  object space 175104K, 0% used [0x0000000780000000,0x00000007800fd228,0x000000078ab00000)
 Metaspace       used 4292K, capacity 4822K, committed 4864K, reserved 1056768K
  class space    used 463K, capacity 501K, committed 512K, reserved 1048576K
GC Heap History (4 events):
Event: 0.075 GC heap before
{Heap before GC invocations=1 (full 0):
 PSYoungGen      total 76288K, used 6553K [0x00000007aab00000, 0x00000007b0000000, 0x00000007c0000000)
  eden space 65536K, 10% used [0x00000007aab00000,0x00000007ab1666e0,0x00000007aeb00000)
  from space 10752K, 0% used [0x00000007af580000,0x00000007af580000,0x00000007b0000000)
  to   space 10752K, 0% used [0x00000007aeb00000,0x00000007aeb00000,0x00000007af580000)
 ParOldGen       total 175104K, used 0K [0x0000000780000000, 0x000000078ab00000, 0x00000007aab00000)
  object space 175104K, 0% used [0x0000000780000000,0x0000000780000000,0x000000078ab00000)
 Metaspace       used 3940K, capacity 4706K, committed 4864K, reserved 1056768K
  class space    used 428K, capacity 466K, committed 512K, reserved 1048576K
Event: 0.076 GC heap after
Heap after GC invocations=1 (full 0):
 PSYoungGen      total 76288K, used 1152K [0x00000007aab00000, 0x00000007b0000000, 0x00000007c0000000)
  eden space 65536K, 0% used [0x00000007aab00000,0x00000007aab00000,0x00000007aeb00000)
  from space 10752K, 10% used [0x00000007aeb00000,0x00000007aec20000,0x00000007af580000)
  to   space 10752K, 0% used [0x00000007af580000,0x00000007af580000,0x00000007b0000000)
 ParOldGen       total 175104K, used 8K [0x0000000780000000, 0x000000078ab00000, 0x00000007aab00000)
  object space 175104K, 0% used [0x0000000780000000,0x0000000780002000,0x000000078ab00000)
 Metaspace       used 3940K, capacity 4706K, committed 4864K, reserved 1056768K
  class space    used 428K, capacity 466K, committed 512K, reserved 1048576K
}
Event: 0.076 GC heap before
{Heap before GC invocations=2 (full 1):
 PSYoungGen      total 76288K, used 1152K [0x00000007aab00000, 0x00000007b0000000, 0x00000007c0000000)
  eden space 65536K, 0% used [0x00000007aab00000,0x00000007aab00000,0x00000007aeb00000)
  from space 10752K, 10% used [0x00000007aeb00000,0x00000007aec20000,0x00000007af580000)
  to   space 10752K, 0% used [0x00000007af580000,0x00000007af580000,0x00000007b0000000)
 ParOldGen       total 175104K, used 8K [0x0000000780000000, 0x000000078ab00000, 0x00000007aab00000)
  object space 175104K, 0% used [0x0000000780000000,0x0000000780002000,0x000000078ab00000)
 Metaspace       used 3940K, capacity 4706K, committed 4864K, reserved 1056768K
  class space    used 428K, capacity 466K, committed 512K, reserved 1048576K
Event: 0.080 GC heap after
Heap after GC invocations=2 (full 1):
 PSYoungGen      total 76288K, used 0K [0x00000007aab00000, 0x00000007b0000000, 0x00000007c0000000)
  eden space 65536K, 0% used [0x00000007aab00000,0x00000007aab00000,0x00000007aeb00000)
  from space 10752K, 0% used [0x00000007aeb00000,0x00000007aeb00000,0x00000007af580000)
  to   space 10752K, 0% used [0x00000007af580000,0x00000007af580000,0x00000007b0000000)
 ParOldGen       total 175104K, used 1012K [0x0000000780000000, 0x000000078ab00000, 0x00000007aab00000)
  object space 175104K, 0% used [0x0000000780000000,0x00000007800fd228,0x000000078ab00000)
 Metaspace       used 3940K, capacity 4706K, committed 4864K, reserved 1056768K
  class space    used 428K, capacity 466K, committed 512K, reserved 1048576K
}

